
> amanat@0.1.0 dev
> next dev --turbopack

   ▲ Next.js 15.5.6 (Turbopack)
   - Local:        http://localhost:3000
   - Network:      http://169.254.0.21:3000
   - Environments: .env.local

 ✓ Starting...
 ✓ Ready in 19.2s
 ○ Compiling / ...
 ✓ Compiled / in 119s
 GET /auth/login 200 in 106247ms
 ⚠  ⚠ Found a change in next.config.js. Restarting the server to apply the changes...
   ▲ Next.js 15.5.6 (Turbopack)
   - Local:        http://localhost:3001
   - Network:      http://169.254.0.21:3001
   - Environments: .env.local

 ✓ Starting...
 ✓ Ready in 23.3s
ash.com/photo-1579621970563-430f63602d4b?w=600&h=600&fit=crop) on `next/image`, hostname "images.unsplash.com" is not configured under images in your `next.config.js`
See more info: https://nextjs.org/docs/messages/next-image-unconfigured-host] {
  digest: '3717121795'
}
 GET /auth/signup 200 in 119466ms
 GET / 500 in 137566ms
 ⚠ Cross origin request detected from amanat.lindy.site to /_next/* resource. In a future major version of Next.js, you will need to explicitly configure "allowedDevOrigins" in next.config to allow this.
Read more: https://nextjs.org/docs/app/api-reference/config/next-config-js/allowedDevOrigins
 ○ Compiling /favicon.ico ...
 ✓ Compiled /favicon.ico in 9.8s
 GET /favicon.ico 200 in 12150ms
 GET /favicon.ico 200 in 1186ms
 ⨯ [Error: Invalid src prop (https://images.unsplash.com/photo-1579621970563-430f63602d4b?w=600&h=600&fit=crop) on `next/image`, hostname "images.unsplash.com" is not configured under images in your `next.config.js`
See more info: https://nextjs.org/docs/messages/next-image-unconfigured-host] {
  digest: '3717121795'
}
 GET / 500 in 6630ms
 GET /favicon.ico 200 in 1371ms
 GET /favicon.ico 200 in 918ms
 ⚠ Found a change in next.config.js. Restarting the server to apply the changes...
   ▲ Next.js 15.5.6 (Turbopack)
   - Local:        http://localhost:3000
   - Network:      http://169.254.0.21:3000
   - Environments: .env.local

 ✓ Starting...
 ✓ Ready in 22.9s
